TN:
SF:C:\DEV\Arithmetic_14\src\ArithmeticOperations.cpp
FN:3,_ZN20ArithmeticOperations8additionEii
FNDA:2,_ZN20ArithmeticOperations8additionEii
FN:7,_ZN20ArithmeticOperations11subtractionEii
FNDA:0,_ZN20ArithmeticOperations11subtractionEii
FN:11,_ZN20ArithmeticOperations14multiplicationEii
FNDA:0,_ZN20ArithmeticOperations14multiplicationEii
FN:15,_ZN20ArithmeticOperations8divisionEii
FNDA:0,_ZN20ArithmeticOperations8divisionEii
FN:19,_ZN20ArithmeticOperations8quotientEii
FNDA:0,_ZN20ArithmeticOperations8quotientEii
DA:3,2
DA:4,2
DA:7,0
DA:8,0
DA:11,0
DA:12,0
DA:15,0
DA:16,0
DA:19,0
DA:20,0
end_of_record
TN:
SF:C:\DEV\Arithmetic_14\test\ArithmeticOperationsTest.cpp
FN:5,_Z12testAdditionv
FNDA:2,_Z12testAdditionv
FN:29,main
FNDA:2,main
DA:5,2
DA:7,2
DA:8,2
DA:9,2
DA:29,2
DA:30,2
DA:34,2
DA:35,2
end_of_record
