TN:
SF:C:\DEV\Arithmetic_14\src\ArithmeticOperations.cpp
FN:3,_ZN20ArithmeticOperations8additionEii
FNDA:2,_ZN20ArithmeticOperations8additionEii
FN:5,_ZN20ArithmeticOperations11subtractionEii
FNDA:2,_ZN20ArithmeticOperations11subtractionEii
FN:7,_ZN20ArithmeticOperations14multiplicationEii
FNDA:2,_ZN20ArithmeticOperations14multiplicationEii
FN:9,_ZN20ArithmeticOperations8divisionEii
FNDA:2,_ZN20ArithmeticOperations8divisionEii
FN:11,_ZN20ArithmeticOperations8quotientEii
FNDA:2,_ZN20ArithmeticOperations8quotientEii
DA:3,2
DA:5,2
DA:7,2
DA:9,2
DA:11,2
end_of_record
TN:
SF:C:\DEV\Arithmetic_14\test\ArithmeticOperationsTest.cpp
FN:5,_Z12testAdditionv
FNDA:2,_Z12testAdditionv
FN:11,_Z15testSubtractionv
FNDA:2,_Z15testSubtractionv
FN:17,_Z18testMultiplicationv
FNDA:2,_Z18testMultiplicationv
FN:23,_Z12testDivisionv
FNDA:2,_Z12testDivisionv
FN:29,_Z12testQuotientv
FNDA:2,_Z12testQuotientv
FN:35,main
FNDA:2,main
DA:5,2
DA:7,2
DA:8,2
DA:9,2
DA:11,2
DA:13,2
DA:14,2
DA:15,2
DA:17,2
DA:19,2
DA:20,2
DA:21,2
DA:23,2
DA:25,2
DA:26,2
DA:27,2
DA:29,2
DA:31,2
DA:32,2
DA:33,2
DA:35,2
DA:36,2
DA:37,2
DA:38,2
DA:39,2
DA:40,2
DA:41,2
DA:42,2
end_of_record
